log files of Spring boot execution....
hello user...






2020-04-23 00:04:35.855  INFO 3316 --- [Thread-58] o.s.s.concurrent.ThreadPoolTaskExecutor  : Shutting down ExecutorService 'applicationTaskExecutor'
2020-04-23 00:04:36.218  INFO 3316 --- [Thread-58] j.LocalContainerEntityManagerFactoryBean : Closing JPA EntityManagerFactory for persistence unit 'default'
2020-04-23 00:04:36.227  INFO 3316 --- [Thread-58] com.zaxxer.hikari.HikariDataSource       : HikariPool-9 - Shutdown initiated...
2020-04-23 00:04:36.364  INFO 3316 --- [Thread-58] com.zaxxer.hikari.HikariDataSource       : HikariPool-9 - Shutdown completed.
2020-04-23 00:04:38.023  INFO 3316 --- [restartedMain] c.a.org.AchariapplicationApplication     : Starting AchariapplicationApplication on Babu with PID 3316 (C:\Users\Gaju\Desktop\achariapplication\bin\main started by Gaju in C:\Users\Gaju\Desktop\achariapplication)
2020-04-23 00:04:38.025  INFO 3316 --- [restartedMain] c.a.org.AchariapplicationApplication     : No active profile set, falling back to default profiles: default
2020-04-23 00:04:38.838  INFO 3316 --- [restartedMain] .s.d.r.c.RepositoryConfigurationDelegate : Bootstrapping Spring Data repositories in DEFAULT mode.
2020-04-23 00:04:38.935  INFO 3316 --- [restartedMain] .s.d.r.c.RepositoryConfigurationDelegate : Finished Spring Data repository scanning in 93ms. Found 4 repository interfaces.
2020-04-23 00:04:39.313  INFO 3316 --- [restartedMain] trationDelegate$BeanPostProcessorChecker : Bean 'org.springframework.transaction.annotation.ProxyTransactionManagementConfiguration' of type [org.springframework.transaction.annotation.ProxyTransactionManagementConfiguration] is not eligible for getting processed by all BeanPostProcessors (for example: not eligible for auto-proxying)
2020-04-23 00:04:39.478  WARN 3316 --- [restartedMain] org.apache.tomcat.util.modeler.Registry  : The MBean registry cannot be disabled because it has already been initialised
2020-04-23 00:04:39.682  INFO 3316 --- [restartedMain] o.s.b.w.embedded.tomcat.TomcatWebServer  : Tomcat initialized with port(s): 8081 (http)
2020-04-23 00:04:39.685  INFO 3316 --- [restartedMain] o.apache.catalina.core.StandardService   : Starting service [Tomcat]
2020-04-23 00:04:39.690  INFO 3316 --- [restartedMain] org.apache.catalina.core.StandardEngine  : Starting Servlet engine: [Apache Tomcat/9.0.22]
2020-04-23 00:04:39.845  INFO 3316 --- [restartedMain] org.apache.jasper.servlet.TldScanner     : At least one JAR was scanned for TLDs yet contained no TLDs. Enable debug logging for this logger for a complete list of JARs that were scanned but no TLDs were found in them. Skipping unneeded JARs during scanning can improve startup time and JSP compilation time.
2020-04-23 00:04:39.848  INFO 3316 --- [restartedMain] o.a.c.c.C.[Tomcat-3].[localhost].[/]     : Initializing Spring embedded WebApplicationContext
2020-04-23 00:04:39.848  INFO 3316 --- [restartedMain] o.s.web.context.ContextLoader            : Root WebApplicationContext: initialization completed in 1812 ms
2020-04-23 00:04:40.050  INFO 3316 --- [restartedMain] o.hibernate.jpa.internal.util.LogHelper  : HHH000204: Processing PersistenceUnitInfo [name: default]
2020-04-23 00:04:40.067  INFO 3316 --- [restartedMain] com.zaxxer.hikari.HikariDataSource       : HikariPool-10 - Starting...
2020-04-23 00:04:40.132  INFO 3316 --- [restartedMain] com.zaxxer.hikari.HikariDataSource       : HikariPool-10 - Start completed.
2020-04-23 00:04:40.133  INFO 3316 --- [restartedMain] org.hibernate.dialect.Dialect            : HHH000400: Using dialect: org.hibernate.dialect.MySQL55Dialect
2020-04-23 00:04:40.461  INFO 3316 --- [restartedMain] o.h.e.t.j.p.i.JtaPlatformInitiator       : HHH000490: Using JtaPlatform implementation: [org.hibernate.engine.transaction.jta.platform.internal.NoJtaPlatform]
2020-04-23 00:04:40.461  INFO 3316 --- [restartedMain] j.LocalContainerEntityManagerFactoryBean : Initialized JPA EntityManagerFactory for persistence unit 'default'
2020-04-23 00:04:40.544  INFO 3316 --- [restartedMain] o.s.b.d.a.OptionalLiveReloadServer       : LiveReload server is running on port 35729
2020-04-23 00:04:40.745  WARN 3316 --- [restartedMain] JpaBaseConfiguration$JpaWebConfiguration : spring.jpa.open-in-view is enabled by default. Therefore, database queries may be performed during view rendering. Explicitly configure spring.jpa.open-in-view to disable this warning
2020-04-23 00:04:41.527  INFO 3316 --- [restartedMain] o.s.s.web.DefaultSecurityFilterChain     : Creating filter chain: any request, [org.springframework.security.web.context.request.async.WebAsyncManagerIntegrationFilter@18a9dee1, org.springframework.security.web.context.SecurityContextPersistenceFilter@6f3ea11d, org.springframework.security.web.header.HeaderWriterFilter@6e29f938, org.springframework.security.web.authentication.logout.LogoutFilter@4cb805cb, org.springframework.security.web.authentication.www.BasicAuthenticationFilter@45c53581, org.springframework.security.web.savedrequest.RequestCacheAwareFilter@d7093d6, org.springframework.security.web.servletapi.SecurityContextHolderAwareRequestFilter@2c315b79, org.springframework.security.web.authentication.AnonymousAuthenticationFilter@7d88027a, org.springframework.security.web.session.SessionManagementFilter@cfd8286, org.springframework.security.web.access.ExceptionTranslationFilter@69f16bbf, org.springframework.security.web.access.intercept.FilterSecurityInterceptor@42cc3d6d]
2020-04-23 00:04:41.705  INFO 3316 --- [restartedMain] o.s.s.concurrent.ThreadPoolTaskExecutor  : Initializing ExecutorService 'applicationTaskExecutor'
2020-04-23 00:04:42.183  INFO 3316 --- [restartedMain] o.s.b.w.embedded.tomcat.TomcatWebServer  : Tomcat started on port(s): 8081 (http) with context path ''
2020-04-23 00:04:42.185  INFO 3316 --- [restartedMain] c.a.org.AchariapplicationApplication     : Started AchariapplicationApplication in 4.313 seconds (JVM running for 2987.437)
2020-04-23 00:04:42.201  INFO 3316 --- [restartedMain] .ConditionEvaluationDeltaLoggingListener : Condition evaluation unchanged
2020-04-23 00:05:43.359  INFO 3316 --- [Thread-71] o.s.s.concurrent.ThreadPoolTaskExecutor  : Shutting down ExecutorService 'applicationTaskExecutor'
2020-04-23 00:05:43.365  INFO 3316 --- [Thread-71] j.LocalContainerEntityManagerFactoryBean : Closing JPA EntityManagerFactory for persistence unit 'default'
2020-04-23 00:05:43.369  INFO 3316 --- [Thread-71] com.zaxxer.hikari.HikariDataSource       : HikariPool-10 - Shutdown initiated...
2020-04-23 00:05:43.401  INFO 3316 --- [Thread-71] com.zaxxer.hikari.HikariDataSource       : HikariPool-10 - Shutdown completed.
2020-04-23 00:05:45.065  INFO 3316 --- [restartedMain] c.a.org.AchariapplicationApplication     : Starting AchariapplicationApplication on Babu with PID 3316 (C:\Users\Gaju\Desktop\achariapplication\bin\main started by Gaju in C:\Users\Gaju\Desktop\achariapplication)
2020-04-23 00:05:45.067  INFO 3316 --- [restartedMain] c.a.org.AchariapplicationApplication     : No active profile set, falling back to default profiles: default
2020-04-23 00:05:45.892  INFO 3316 --- [restartedMain] .s.d.r.c.RepositoryConfigurationDelegate : Bootstrapping Spring Data repositories in DEFAULT mode.
2020-04-23 00:05:45.954  INFO 3316 --- [restartedMain] .s.d.r.c.RepositoryConfigurationDelegate : Finished Spring Data repository scanning in 57ms. Found 4 repository interfaces.
2020-04-23 00:05:46.259  INFO 3316 --- [restartedMain] trationDelegate$BeanPostProcessorChecker : Bean 'org.springframework.transaction.annotation.ProxyTransactionManagementConfiguration' of type [org.springframework.transaction.annotation.ProxyTransactionManagementConfiguration] is not eligible for getting processed by all BeanPostProcessors (for example: not eligible for auto-proxying)
2020-04-23 00:05:46.436  WARN 3316 --- [restartedMain] org.apache.tomcat.util.modeler.Registry  : The MBean registry cannot be disabled because it has already been initialised
2020-04-23 00:05:46.659  INFO 3316 --- [restartedMain] o.s.b.w.embedded.tomcat.TomcatWebServer  : Tomcat initialized with port(s): 8081 (http)
2020-04-23 00:05:46.661  INFO 3316 --- [restartedMain] o.apache.catalina.core.StandardService   : Starting service [Tomcat]
2020-04-23 00:05:46.669  INFO 3316 --- [restartedMain] org.apache.catalina.core.StandardEngine  : Starting Servlet engine: [Apache Tomcat/9.0.22]
2020-04-23 00:05:46.863  INFO 3316 --- [restartedMain] org.apache.jasper.servlet.TldScanner     : At least one JAR was scanned for TLDs yet contained no TLDs. Enable debug logging for this logger for a complete list of JARs that were scanned but no TLDs were found in them. Skipping unneeded JARs during scanning can improve startup time and JSP compilation time.
2020-04-23 00:05:46.865  INFO 3316 --- [restartedMain] o.a.c.c.C.[Tomcat-3].[localhost].[/]     : Initializing Spring embedded WebApplicationContext
2020-04-23 00:05:46.865  INFO 3316 --- [restartedMain] o.s.web.context.ContextLoader            : Root WebApplicationContext: initialization completed in 1788 ms
2020-04-23 00:05:47.066  INFO 3316 --- [restartedMain] o.hibernate.jpa.internal.util.LogHelper  : HHH000204: Processing PersistenceUnitInfo [name: default]
2020-04-23 00:05:47.080  INFO 3316 --- [restartedMain] com.zaxxer.hikari.HikariDataSource       : HikariPool-11 - Starting...
2020-04-23 00:05:47.133  INFO 3316 --- [restartedMain] com.zaxxer.hikari.HikariDataSource       : HikariPool-11 - Start completed.
2020-04-23 00:05:47.134  INFO 3316 --- [restartedMain] org.hibernate.dialect.Dialect            : HHH000400: Using dialect: org.hibernate.dialect.MySQL55Dialect
2020-04-23 00:05:47.412  INFO 3316 --- [restartedMain] o.h.e.t.j.p.i.JtaPlatformInitiator       : HHH000490: Using JtaPlatform implementation: [org.hibernate.engine.transaction.jta.platform.internal.NoJtaPlatform]
2020-04-23 00:05:47.413  INFO 3316 --- [restartedMain] j.LocalContainerEntityManagerFactoryBean : Initialized JPA EntityManagerFactory for persistence unit 'default'
2020-04-23 00:05:47.484  INFO 3316 --- [restartedMain] o.s.b.d.a.OptionalLiveReloadServer       : LiveReload server is running on port 35729
2020-04-23 00:05:47.580  WARN 3316 --- [restartedMain] JpaBaseConfiguration$JpaWebConfiguration : spring.jpa.open-in-view is enabled by default. Therefore, database queries may be performed during view rendering. Explicitly configure spring.jpa.open-in-view to disable this warning
2020-04-23 00:05:48.333  INFO 3316 --- [restartedMain] o.s.s.web.DefaultSecurityFilterChain     : Creating filter chain: any request, [org.springframework.security.web.context.request.async.WebAsyncManagerIntegrationFilter@23863def, org.springframework.security.web.context.SecurityContextPersistenceFilter@4c6ad74b, org.springframework.security.web.header.HeaderWriterFilter@2a7765c7, org.springframework.security.web.authentication.logout.LogoutFilter@75541bd4, org.springframework.security.web.authentication.www.BasicAuthenticationFilter@68a43ca1, org.springframework.security.web.savedrequest.RequestCacheAwareFilter@78b95e3a, org.springframework.security.web.servletapi.SecurityContextHolderAwareRequestFilter@697145b7, org.springframework.security.web.authentication.AnonymousAuthenticationFilter@473f4d49, org.springframework.security.web.session.SessionManagementFilter@7a2cd2a7, org.springframework.security.web.access.ExceptionTranslationFilter@6d9b2f8b, org.springframework.security.web.access.intercept.FilterSecurityInterceptor@fc05d31]
2020-04-23 00:05:48.502  INFO 3316 --- [restartedMain] o.s.s.concurrent.ThreadPoolTaskExecutor  : Initializing ExecutorService 'applicationTaskExecutor'
2020-04-23 00:05:49.024  INFO 3316 --- [restartedMain] o.s.b.w.embedded.tomcat.TomcatWebServer  : Tomcat started on port(s): 8081 (http) with context path ''
2020-04-23 00:05:49.026  INFO 3316 --- [restartedMain] c.a.org.AchariapplicationApplication     : Started AchariapplicationApplication in 4.096 seconds (JVM running for 3054.278)
2020-04-23 00:05:49.048  INFO 3316 --- [restartedMain] .ConditionEvaluationDeltaLoggingListener : Condition evaluation unchanged
2020-04-23 00:09:36.448  INFO 3316 --- [Thread-80] o.s.s.concurrent.ThreadPoolTaskExecutor  : Shutting down ExecutorService 'applicationTaskExecutor'
2020-04-23 00:09:36.452  INFO 3316 --- [Thread-80] j.LocalContainerEntityManagerFactoryBean : Closing JPA EntityManagerFactory for persistence unit 'default'
2020-04-23 00:09:36.455  INFO 3316 --- [Thread-80] com.zaxxer.hikari.HikariDataSource       : HikariPool-11 - Shutdown initiated...
2020-04-23 00:09:36.486  INFO 3316 --- [Thread-80] com.zaxxer.hikari.HikariDataSource       : HikariPool-11 - Shutdown completed.
2020-04-23 00:09:37.420  INFO 3316 --- [restartedMain] c.a.org.AchariapplicationApplication     : Starting AchariapplicationApplication on Babu with PID 3316 (C:\Users\Gaju\Desktop\achariapplication\bin\main started by Gaju in C:\Users\Gaju\Desktop\achariapplication)
2020-04-23 00:09:37.421  INFO 3316 --- [restartedMain] c.a.org.AchariapplicationApplication     : No active profile set, falling back to default profiles: default
2020-04-23 00:09:38.225  INFO 3316 --- [restartedMain] .s.d.r.c.RepositoryConfigurationDelegate : Bootstrapping Spring Data repositories in DEFAULT mode.
2020-04-23 00:09:38.291  INFO 3316 --- [restartedMain] .s.d.r.c.RepositoryConfigurationDelegate : Finished Spring Data repository scanning in 61ms. Found 4 repository interfaces.
2020-04-23 00:09:38.554  INFO 3316 --- [restartedMain] trationDelegate$BeanPostProcessorChecker : Bean 'org.springframework.transaction.annotation.ProxyTransactionManagementConfiguration' of type [org.springframework.transaction.annotation.ProxyTransactionManagementConfiguration] is not eligible for getting processed by all BeanPostProcessors (for example: not eligible for auto-proxying)
2020-04-23 00:09:38.727  WARN 3316 --- [restartedMain] org.apache.tomcat.util.modeler.Registry  : The MBean registry cannot be disabled because it has already been initialised
2020-04-23 00:09:38.943  INFO 3316 --- [restartedMain] o.s.b.w.embedded.tomcat.TomcatWebServer  : Tomcat initialized with port(s): 8081 (http)
2020-04-23 00:09:38.945  INFO 3316 --- [restartedMain] o.apache.catalina.core.StandardService   : Starting service [Tomcat]
2020-04-23 00:09:38.951  INFO 3316 --- [restartedMain] org.apache.catalina.core.StandardEngine  : Starting Servlet engine: [Apache Tomcat/9.0.22]
2020-04-23 00:09:39.113  INFO 3316 --- [restartedMain] org.apache.jasper.servlet.TldScanner     : At least one JAR was scanned for TLDs yet contained no TLDs. Enable debug logging for this logger for a complete list of JARs that were scanned but no TLDs were found in them. Skipping unneeded JARs during scanning can improve startup time and JSP compilation time.
2020-04-23 00:09:39.114  INFO 3316 --- [restartedMain] o.a.c.c.C.[Tomcat-3].[localhost].[/]     : Initializing Spring embedded WebApplicationContext
2020-04-23 00:09:39.115  INFO 3316 --- [restartedMain] o.s.web.context.ContextLoader            : Root WebApplicationContext: initialization completed in 1683 ms
2020-04-23 00:09:39.294  INFO 3316 --- [restartedMain] o.hibernate.jpa.internal.util.LogHelper  : HHH000204: Processing PersistenceUnitInfo [name: default]
2020-04-23 00:09:39.311  INFO 3316 --- [restartedMain] com.zaxxer.hikari.HikariDataSource       : HikariPool-12 - Starting...
2020-04-23 00:09:39.371  INFO 3316 --- [restartedMain] com.zaxxer.hikari.HikariDataSource       : HikariPool-12 - Start completed.
2020-04-23 00:09:39.372  INFO 3316 --- [restartedMain] org.hibernate.dialect.Dialect            : HHH000400: Using dialect: org.hibernate.dialect.MySQL55Dialect
2020-04-23 00:09:39.624  INFO 3316 --- [restartedMain] o.h.e.t.j.p.i.JtaPlatformInitiator       : HHH000490: Using JtaPlatform implementation: [org.hibernate.engine.transaction.jta.platform.internal.NoJtaPlatform]
2020-04-23 00:09:39.624  INFO 3316 --- [restartedMain] j.LocalContainerEntityManagerFactoryBean : Initialized JPA EntityManagerFactory for persistence unit 'default'
2020-04-23 00:09:39.937  INFO 3316 --- [restartedMain] o.s.b.d.a.OptionalLiveReloadServer       : LiveReload server is running on port 35729
2020-04-23 00:09:40.028  WARN 3316 --- [restartedMain] JpaBaseConfiguration$JpaWebConfiguration : spring.jpa.open-in-view is enabled by default. Therefore, database queries may be performed during view rendering. Explicitly configure spring.jpa.open-in-view to disable this warning
2020-04-23 00:09:41.642  INFO 3316 --- [restartedMain] o.s.s.web.DefaultSecurityFilterChain     : Creating filter chain: any request, [org.springframework.security.web.context.request.async.WebAsyncManagerIntegrationFilter@60ef04e5, org.springframework.security.web.context.SecurityContextPersistenceFilter@29caad1e, org.springframework.security.web.header.HeaderWriterFilter@432be586, org.springframework.security.web.authentication.logout.LogoutFilter@3c95f811, org.springframework.security.web.authentication.www.BasicAuthenticationFilter@1f49703e, org.springframework.security.web.savedrequest.RequestCacheAwareFilter@6b5b3ab0, org.springframework.security.web.servletapi.SecurityContextHolderAwareRequestFilter@77c0f588, org.springframework.security.web.authentication.AnonymousAuthenticationFilter@2d5122c8, org.springframework.security.web.session.SessionManagementFilter@40717dfc, org.springframework.security.web.access.ExceptionTranslationFilter@29dd61c6, org.springframework.security.web.access.intercept.FilterSecurityInterceptor@42a22531]
2020-04-23 00:09:41.838  INFO 3316 --- [restartedMain] o.s.s.concurrent.ThreadPoolTaskExecutor  : Initializing ExecutorService 'applicationTaskExecutor'
2020-04-23 00:09:43.356  INFO 3316 --- [restartedMain] o.s.b.w.embedded.tomcat.TomcatWebServer  : Tomcat started on port(s): 8081 (http) with context path ''
2020-04-23 00:09:43.364  INFO 3316 --- [restartedMain] c.a.org.AchariapplicationApplication     : Started AchariapplicationApplication in 6.06 seconds (JVM running for 3288.616)
2020-04-23 00:09:43.379  INFO 3316 --- [restartedMain] .ConditionEvaluationDeltaLoggingListener : Condition evaluation unchanged
2020-04-23 00:11:16.727  INFO 3316 --- [Thread-89] o.s.s.concurrent.ThreadPoolTaskExecutor  : Shutting down ExecutorService 'applicationTaskExecutor'
2020-04-23 00:11:16.735  INFO 3316 --- [Thread-89] j.LocalContainerEntityManagerFactoryBean : Closing JPA EntityManagerFactory for persistence unit 'default'
2020-04-23 00:11:16.740  INFO 3316 --- [Thread-89] com.zaxxer.hikari.HikariDataSource       : HikariPool-12 - Shutdown initiated...
2020-04-23 00:11:16.795  INFO 3316 --- [Thread-89] com.zaxxer.hikari.HikariDataSource       : HikariPool-12 - Shutdown completed.
2020-04-23 00:11:18.218  INFO 3316 --- [restartedMain] c.a.org.AchariapplicationApplication     : Starting AchariapplicationApplication on Babu with PID 3316 (C:\Users\Gaju\Desktop\achariapplication\bin\main started by Gaju in C:\Users\Gaju\Desktop\achariapplication)
2020-04-23 00:11:18.219  INFO 3316 --- [restartedMain] c.a.org.AchariapplicationApplication     : No active profile set, falling back to default profiles: default
2020-04-23 00:11:19.066  INFO 3316 --- [restartedMain] .s.d.r.c.RepositoryConfigurationDelegate : Bootstrapping Spring Data repositories in DEFAULT mode.
2020-04-23 00:11:19.126  INFO 3316 --- [restartedMain] .s.d.r.c.RepositoryConfigurationDelegate : Finished Spring Data repository scanning in 55ms. Found 4 repository interfaces.
2020-04-23 00:11:19.386  INFO 3316 --- [restartedMain] trationDelegate$BeanPostProcessorChecker : Bean 'org.springframework.transaction.annotation.ProxyTransactionManagementConfiguration' of type [org.springframework.transaction.annotation.ProxyTransactionManagementConfiguration] is not eligible for getting processed by all BeanPostProcessors (for example: not eligible for auto-proxying)
2020-04-23 00:11:19.554  WARN 3316 --- [restartedMain] org.apache.tomcat.util.modeler.Registry  : The MBean registry cannot be disabled because it has already been initialised
2020-04-23 00:11:19.753  INFO 3316 --- [restartedMain] o.s.b.w.embedded.tomcat.TomcatWebServer  : Tomcat initialized with port(s): 8081 (http)
2020-04-23 00:11:19.756  INFO 3316 --- [restartedMain] o.apache.catalina.core.StandardService   : Starting service [Tomcat]
2020-04-23 00:11:19.761  INFO 3316 --- [restartedMain] org.apache.catalina.core.StandardEngine  : Starting Servlet engine: [Apache Tomcat/9.0.22]
2020-04-23 00:11:19.937  INFO 3316 --- [restartedMain] org.apache.jasper.servlet.TldScanner     : At least one JAR was scanned for TLDs yet contained no TLDs. Enable debug logging for this logger for a complete list of JARs that were scanned but no TLDs were found in them. Skipping unneeded JARs during scanning can improve startup time and JSP compilation time.
2020-04-23 00:11:19.939  INFO 3316 --- [restartedMain] o.a.c.c.C.[Tomcat-3].[localhost].[/]     : Initializing Spring embedded WebApplicationContext
2020-04-23 00:11:19.940  INFO 3316 --- [restartedMain] o.s.web.context.ContextLoader            : Root WebApplicationContext: initialization completed in 1710 ms
2020-04-23 00:11:20.496  INFO 3316 --- [restartedMain] o.hibernate.jpa.internal.util.LogHelper  : HHH000204: Processing PersistenceUnitInfo [name: default]
2020-04-23 00:11:20.509  INFO 3316 --- [restartedMain] com.zaxxer.hikari.HikariDataSource       : HikariPool-13 - Starting...
2020-04-23 00:11:20.560  INFO 3316 --- [restartedMain] com.zaxxer.hikari.HikariDataSource       : HikariPool-13 - Start completed.
2020-04-23 00:11:20.565  INFO 3316 --- [restartedMain] org.hibernate.dialect.Dialect            : HHH000400: Using dialect: org.hibernate.dialect.MySQL55Dialect
2020-04-23 00:11:20.859  INFO 3316 --- [restartedMain] o.h.e.t.j.p.i.JtaPlatformInitiator       : HHH000490: Using JtaPlatform implementation: [org.hibernate.engine.transaction.jta.platform.internal.NoJtaPlatform]
2020-04-23 00:11:20.859  INFO 3316 --- [restartedMain] j.LocalContainerEntityManagerFactoryBean : Initialized JPA EntityManagerFactory for persistence unit 'default'
2020-04-23 00:11:21.031  INFO 3316 --- [restartedMain] o.s.b.d.a.OptionalLiveReloadServer       : LiveReload server is running on port 35729
2020-04-23 00:11:21.290  WARN 3316 --- [restartedMain] JpaBaseConfiguration$JpaWebConfiguration : spring.jpa.open-in-view is enabled by default. Therefore, database queries may be performed during view rendering. Explicitly configure spring.jpa.open-in-view to disable this warning
2020-04-23 00:11:23.748  INFO 3316 --- [restartedMain] o.s.s.web.DefaultSecurityFilterChain     : Creating filter chain: any request, [org.springframework.security.web.context.request.async.WebAsyncManagerIntegrationFilter@2448cb6, org.springframework.security.web.context.SecurityContextPersistenceFilter@2ff5f3ef, org.springframework.security.web.header.HeaderWriterFilter@6b335518, org.springframework.security.web.authentication.logout.LogoutFilter@7f058d97, org.springframework.security.web.authentication.www.BasicAuthenticationFilter@175a9a53, org.springframework.security.web.savedrequest.RequestCacheAwareFilter@59821875, org.springframework.security.web.servletapi.SecurityContextHolderAwareRequestFilter@28e80dc8, org.springframework.security.web.authentication.AnonymousAuthenticationFilter@f5bec53, org.springframework.security.web.session.SessionManagementFilter@5901d77d, org.springframework.security.web.access.ExceptionTranslationFilter@1f3d279b, org.springframework.security.web.access.intercept.FilterSecurityInterceptor@3c4c019]
2020-04-23 00:11:24.038  INFO 3316 --- [restartedMain] o.s.s.concurrent.ThreadPoolTaskExecutor  : Initializing ExecutorService 'applicationTaskExecutor'
2020-04-23 00:11:24.656  INFO 3316 --- [restartedMain] o.s.b.w.embedded.tomcat.TomcatWebServer  : Tomcat started on port(s): 8081 (http) with context path ''
2020-04-23 00:11:24.665  INFO 3316 --- [restartedMain] c.a.org.AchariapplicationApplication     : Started AchariapplicationApplication in 6.549 seconds (JVM running for 3389.916)
2020-04-23 00:11:24.681  INFO 3316 --- [restartedMain] .ConditionEvaluationDeltaLoggingListener : Condition evaluation unchanged
2020-04-23 00:12:09.567  INFO 3316 --- [Thread-98] o.s.s.concurrent.ThreadPoolTaskExecutor  : Shutting down ExecutorService 'applicationTaskExecutor'
2020-04-23 00:12:09.573  INFO 3316 --- [Thread-98] j.LocalContainerEntityManagerFactoryBean : Closing JPA EntityManagerFactory for persistence unit 'default'
2020-04-23 00:12:09.575  INFO 3316 --- [Thread-98] com.zaxxer.hikari.HikariDataSource       : HikariPool-13 - Shutdown initiated...
2020-04-23 00:12:09.614  INFO 3316 --- [Thread-98] com.zaxxer.hikari.HikariDataSource       : HikariPool-13 - Shutdown completed.
2020-04-23 00:12:10.618  INFO 3316 --- [restartedMain] c.a.org.AchariapplicationApplication     : Starting AchariapplicationApplication on Babu with PID 3316 (C:\Users\Gaju\Desktop\achariapplication\bin\main started by Gaju in C:\Users\Gaju\Desktop\achariapplication)
2020-04-23 00:12:10.620  INFO 3316 --- [restartedMain] c.a.org.AchariapplicationApplication     : No active profile set, falling back to default profiles: default
2020-04-23 00:12:11.647  INFO 3316 --- [restartedMain] .s.d.r.c.RepositoryConfigurationDelegate : Bootstrapping Spring Data repositories in DEFAULT mode.
2020-04-23 00:12:11.712  INFO 3316 --- [restartedMain] .s.d.r.c.RepositoryConfigurationDelegate : Finished Spring Data repository scanning in 60ms. Found 4 repository interfaces.
2020-04-23 00:12:11.962  INFO 3316 --- [restartedMain] trationDelegate$BeanPostProcessorChecker : Bean 'org.springframework.transaction.annotation.ProxyTransactionManagementConfiguration' of type [org.springframework.transaction.annotation.ProxyTransactionManagementConfiguration] is not eligible for getting processed by all BeanPostProcessors (for example: not eligible for auto-proxying)
2020-04-23 00:12:12.096  WARN 3316 --- [restartedMain] org.apache.tomcat.util.modeler.Registry  : The MBean registry cannot be disabled because it has already been initialised
2020-04-23 00:12:12.279  INFO 3316 --- [restartedMain] o.s.b.w.embedded.tomcat.TomcatWebServer  : Tomcat initialized with port(s): 8081 (http)
2020-04-23 00:12:12.281  INFO 3316 --- [restartedMain] o.apache.catalina.core.StandardService   : Starting service [Tomcat]
2020-04-23 00:12:12.286  INFO 3316 --- [restartedMain] org.apache.catalina.core.StandardEngine  : Starting Servlet engine: [Apache Tomcat/9.0.22]
2020-04-23 00:12:12.503  INFO 3316 --- [restartedMain] org.apache.jasper.servlet.TldScanner     : At least one JAR was scanned for TLDs yet contained no TLDs. Enable debug logging for this logger for a complete list of JARs that were scanned but no TLDs were found in them. Skipping unneeded JARs during scanning can improve startup time and JSP compilation time.
2020-04-23 00:12:12.506  INFO 3316 --- [restartedMain] o.a.c.c.C.[Tomcat-3].[localhost].[/]     : Initializing Spring embedded WebApplicationContext
2020-04-23 00:12:12.506  INFO 3316 --- [restartedMain] o.s.web.context.ContextLoader            : Root WebApplicationContext: initialization completed in 1876 ms
2020-04-23 00:12:12.745  INFO 3316 --- [restartedMain] o.hibernate.jpa.internal.util.LogHelper  : HHH000204: Processing PersistenceUnitInfo [name: default]
2020-04-23 00:12:12.762  INFO 3316 --- [restartedMain] com.zaxxer.hikari.HikariDataSource       : HikariPool-14 - Starting...
2020-04-23 00:12:12.817  INFO 3316 --- [restartedMain] com.zaxxer.hikari.HikariDataSource       : HikariPool-14 - Start completed.
2020-04-23 00:12:12.818  INFO 3316 --- [restartedMain] org.hibernate.dialect.Dialect            : HHH000400: Using dialect: org.hibernate.dialect.MySQL55Dialect
2020-04-23 00:12:13.130  INFO 3316 --- [restartedMain] o.h.e.t.j.p.i.JtaPlatformInitiator       : HHH000490: Using JtaPlatform implementation: [org.hibernate.engine.transaction.jta.platform.internal.NoJtaPlatform]
2020-04-23 00:12:13.130  INFO 3316 --- [restartedMain] j.LocalContainerEntityManagerFactoryBean : Initialized JPA EntityManagerFactory for persistence unit 'default'
2020-04-23 00:12:13.196  INFO 3316 --- [restartedMain] o.s.b.d.a.OptionalLiveReloadServer       : LiveReload server is running on port 35729
2020-04-23 00:12:13.300  WARN 3316 --- [restartedMain] JpaBaseConfiguration$JpaWebConfiguration : spring.jpa.open-in-view is enabled by default. Therefore, database queries may be performed during view rendering. Explicitly configure spring.jpa.open-in-view to disable this warning
2020-04-23 00:12:14.041  INFO 3316 --- [restartedMain] o.s.s.web.DefaultSecurityFilterChain     : Creating filter chain: any request, [org.springframework.security.web.context.request.async.WebAsyncManagerIntegrationFilter@5e97fe88, org.springframework.security.web.context.SecurityContextPersistenceFilter@2789cf30, org.springframework.security.web.header.HeaderWriterFilter@762511fb, org.springframework.security.web.authentication.logout.LogoutFilter@32e767b7, org.springframework.security.web.authentication.www.BasicAuthenticationFilter@1e657280, org.springframework.security.web.savedrequest.RequestCacheAwareFilter@201c090a, org.springframework.security.web.servletapi.SecurityContextHolderAwareRequestFilter@7e687e3b, org.springframework.security.web.authentication.AnonymousAuthenticationFilter@c58ecbe, org.springframework.security.web.session.SessionManagementFilter@13ebf514, org.springframework.security.web.access.ExceptionTranslationFilter@3756188b, org.springframework.security.web.access.intercept.FilterSecurityInterceptor@4fd8a317]
2020-04-23 00:12:14.204  INFO 3316 --- [restartedMain] o.s.s.concurrent.ThreadPoolTaskExecutor  : Initializing ExecutorService 'applicationTaskExecutor'
2020-04-23 00:12:14.660  INFO 3316 --- [restartedMain] o.s.b.w.embedded.tomcat.TomcatWebServer  : Tomcat started on port(s): 8081 (http) with context path ''
2020-04-23 00:12:14.662  INFO 3316 --- [restartedMain] c.a.org.AchariapplicationApplication     : Started AchariapplicationApplication in 4.139 seconds (JVM running for 3439.913)
2020-04-23 00:12:14.676  INFO 3316 --- [restartedMain] .ConditionEvaluationDeltaLoggingListener : Condition evaluation unchanged
2020-04-23 00:12:41.340  INFO 3316 --- [Thread-107] o.s.s.concurrent.ThreadPoolTaskExecutor  : Shutting down ExecutorService 'applicationTaskExecutor'
2020-04-23 00:12:41.356  INFO 3316 --- [Thread-107] j.LocalContainerEntityManagerFactoryBean : Closing JPA EntityManagerFactory for persistence unit 'default'
2020-04-23 00:12:41.359  INFO 3316 --- [Thread-107] com.zaxxer.hikari.HikariDataSource       : HikariPool-14 - Shutdown initiated...
2020-04-23 00:12:41.395  INFO 3316 --- [Thread-107] com.zaxxer.hikari.HikariDataSource       : HikariPool-14 - Shutdown completed.
2020-04-23 00:12:42.378  INFO 3316 --- [restartedMain] c.a.org.AchariapplicationApplication     : Starting AchariapplicationApplication on Babu with PID 3316 (C:\Users\Gaju\Desktop\achariapplication\bin\main started by Gaju in C:\Users\Gaju\Desktop\achariapplication)
2020-04-23 00:12:42.379  INFO 3316 --- [restartedMain] c.a.org.AchariapplicationApplication     : No active profile set, falling back to default profiles: default
2020-04-23 00:12:43.218  INFO 3316 --- [restartedMain] .s.d.r.c.RepositoryConfigurationDelegate : Bootstrapping Spring Data repositories in DEFAULT mode.
2020-04-23 00:12:43.303  INFO 3316 --- [restartedMain] .s.d.r.c.RepositoryConfigurationDelegate : Finished Spring Data repository scanning in 78ms. Found 4 repository interfaces.
2020-04-23 00:12:43.614  INFO 3316 --- [restartedMain] trationDelegate$BeanPostProcessorChecker : Bean 'org.springframework.transaction.annotation.ProxyTransactionManagementConfiguration' of type [org.springframework.transaction.annotation.ProxyTransactionManagementConfiguration] is not eligible for getting processed by all BeanPostProcessors (for example: not eligible for auto-proxying)
2020-04-23 00:12:43.759  WARN 3316 --- [restartedMain] org.apache.tomcat.util.modeler.Registry  : The MBean registry cannot be disabled because it has already been initialised
2020-04-23 00:12:43.957  INFO 3316 --- [restartedMain] o.s.b.w.embedded.tomcat.TomcatWebServer  : Tomcat initialized with port(s): 8081 (http)
2020-04-23 00:12:43.958  INFO 3316 --- [restartedMain] o.apache.catalina.core.StandardService   : Starting service [Tomcat]
2020-04-23 00:12:43.964  INFO 3316 --- [restartedMain] org.apache.catalina.core.StandardEngine  : Starting Servlet engine: [Apache Tomcat/9.0.22]
2020-04-23 00:12:44.105  INFO 3316 --- [restartedMain] org.apache.jasper.servlet.TldScanner     : At least one JAR was scanned for TLDs yet contained no TLDs. Enable debug logging for this logger for a complete list of JARs that were scanned but no TLDs were found in them. Skipping unneeded JARs during scanning can improve startup time and JSP compilation time.
2020-04-23 00:12:44.107  INFO 3316 --- [restartedMain] o.a.c.c.C.[Tomcat-3].[localhost].[/]     : Initializing Spring embedded WebApplicationContext
2020-04-23 00:12:44.107  INFO 3316 --- [restartedMain] o.s.web.context.ContextLoader            : Root WebApplicationContext: initialization completed in 1718 ms
2020-04-23 00:12:44.316  INFO 3316 --- [restartedMain] o.hibernate.jpa.internal.util.LogHelper  : HHH000204: Processing PersistenceUnitInfo [name: default]
2020-04-23 00:12:44.332  INFO 3316 --- [restartedMain] com.zaxxer.hikari.HikariDataSource       : HikariPool-15 - Starting...
2020-04-23 00:12:44.389  INFO 3316 --- [restartedMain] com.zaxxer.hikari.HikariDataSource       : HikariPool-15 - Start completed.
2020-04-23 00:12:44.390  INFO 3316 --- [restartedMain] org.hibernate.dialect.Dialect            : HHH000400: Using dialect: org.hibernate.dialect.MySQL55Dialect
2020-04-23 00:12:44.688  INFO 3316 --- [restartedMain] o.h.e.t.j.p.i.JtaPlatformInitiator       : HHH000490: Using JtaPlatform implementation: [org.hibernate.engine.transaction.jta.platform.internal.NoJtaPlatform]
2020-04-23 00:12:44.688  INFO 3316 --- [restartedMain] j.LocalContainerEntityManagerFactoryBean : Initialized JPA EntityManagerFactory for persistence unit 'default'
2020-04-23 00:12:44.749  INFO 3316 --- [restartedMain] o.s.b.d.a.OptionalLiveReloadServer       : LiveReload server is running on port 35729
2020-04-23 00:12:44.838  WARN 3316 --- [restartedMain] JpaBaseConfiguration$JpaWebConfiguration : spring.jpa.open-in-view is enabled by default. Therefore, database queries may be performed during view rendering. Explicitly configure spring.jpa.open-in-view to disable this warning
2020-04-23 00:12:45.576  INFO 3316 --- [restartedMain] o.s.s.web.DefaultSecurityFilterChain     : Creating filter chain: any request, [org.springframework.security.web.context.request.async.WebAsyncManagerIntegrationFilter@62789641, org.springframework.security.web.context.SecurityContextPersistenceFilter@5ba9a2b1, org.springframework.security.web.header.HeaderWriterFilter@24a9f678, org.springframework.security.web.authentication.logout.LogoutFilter@76e6a4d6, org.springframework.security.web.authentication.www.BasicAuthenticationFilter@3fbef7c7, org.springframework.security.web.savedrequest.RequestCacheAwareFilter@4d677415, org.springframework.security.web.servletapi.SecurityContextHolderAwareRequestFilter@261651f7, org.springframework.security.web.authentication.AnonymousAuthenticationFilter@767eb9b8, org.springframework.security.web.session.SessionManagementFilter@1a294132, org.springframework.security.web.access.ExceptionTranslationFilter@3f2b544, org.springframework.security.web.access.intercept.FilterSecurityInterceptor@3f82156e]
2020-04-23 00:12:45.710  INFO 3316 --- [restartedMain] o.s.s.concurrent.ThreadPoolTaskExecutor  : Initializing ExecutorService 'applicationTaskExecutor'
2020-04-23 00:12:46.109  INFO 3316 --- [restartedMain] o.s.b.w.embedded.tomcat.TomcatWebServer  : Tomcat started on port(s): 8081 (http) with context path ''
2020-04-23 00:12:46.111  INFO 3316 --- [restartedMain] c.a.org.AchariapplicationApplication     : Started AchariapplicationApplication in 3.822 seconds (JVM running for 3471.363)
2020-04-23 00:12:46.124  INFO 3316 --- [restartedMain] .ConditionEvaluationDeltaLoggingListener : Condition evaluation unchanged
2020-04-23 00:18:54.869  INFO 3316 --- [Thread-116] o.s.s.concurrent.ThreadPoolTaskExecutor  : Shutting down ExecutorService 'applicationTaskExecutor'
2020-04-23 00:18:54.874  INFO 3316 --- [Thread-116] j.LocalContainerEntityManagerFactoryBean : Closing JPA EntityManagerFactory for persistence unit 'default'
2020-04-23 00:18:54.877  INFO 3316 --- [Thread-116] com.zaxxer.hikari.HikariDataSource       : HikariPool-15 - Shutdown initiated...
2020-04-23 00:18:54.913  INFO 3316 --- [Thread-116] com.zaxxer.hikari.HikariDataSource       : HikariPool-15 - Shutdown completed.
2020-04-23 00:18:55.935  INFO 3316 --- [restartedMain] c.a.org.AchariapplicationApplication     : Starting AchariapplicationApplication on Babu with PID 3316 (C:\Users\Gaju\Desktop\achariapplication\bin\main started by Gaju in C:\Users\Gaju\Desktop\achariapplication)
2020-04-23 00:18:55.936  INFO 3316 --- [restartedMain] c.a.org.AchariapplicationApplication     : No active profile set, falling back to default profiles: default
2020-04-23 00:18:56.727  INFO 3316 --- [restartedMain] .s.d.r.c.RepositoryConfigurationDelegate : Bootstrapping Spring Data repositories in DEFAULT mode.
2020-04-23 00:18:56.782  INFO 3316 --- [restartedMain] .s.d.r.c.RepositoryConfigurationDelegate : Finished Spring Data repository scanning in 54ms. Found 4 repository interfaces.
2020-04-23 00:18:57.105  INFO 3316 --- [restartedMain] trationDelegate$BeanPostProcessorChecker : Bean 'org.springframework.transaction.annotation.ProxyTransactionManagementConfiguration' of type [org.springframework.transaction.annotation.ProxyTransactionManagementConfiguration] is not eligible for getting processed by all BeanPostProcessors (for example: not eligible for auto-proxying)
2020-04-23 00:18:57.276  WARN 3316 --- [restartedMain] org.apache.tomcat.util.modeler.Registry  : The MBean registry cannot be disabled because it has already been initialised
2020-04-23 00:18:57.530  INFO 3316 --- [restartedMain] o.s.b.w.embedded.tomcat.TomcatWebServer  : Tomcat initialized with port(s): 8081 (http)
2020-04-23 00:18:57.532  INFO 3316 --- [restartedMain] o.apache.catalina.core.StandardService   : Starting service [Tomcat]
2020-04-23 00:18:57.539  INFO 3316 --- [restartedMain] org.apache.catalina.core.StandardEngine  : Starting Servlet engine: [Apache Tomcat/9.0.22]
2020-04-23 00:18:57.790  INFO 3316 --- [restartedMain] org.apache.jasper.servlet.TldScanner     : At least one JAR was scanned for TLDs yet contained no TLDs. Enable debug logging for this logger for a complete list of JARs that were scanned but no TLDs were found in them. Skipping unneeded JARs during scanning can improve startup time and JSP compilation time.
2020-04-23 00:18:57.793  INFO 3316 --- [restartedMain] o.a.c.c.C.[Tomcat-3].[localhost].[/]     : Initializing Spring embedded WebApplicationContext
2020-04-23 00:18:57.793  INFO 3316 --- [restartedMain] o.s.web.context.ContextLoader            : Root WebApplicationContext: initialization completed in 1848 ms
2020-04-23 00:18:58.120  INFO 3316 --- [restartedMain] o.hibernate.jpa.internal.util.LogHelper  : HHH000204: Processing PersistenceUnitInfo [name: default]
2020-04-23 00:18:58.144  INFO 3316 --- [restartedMain] com.zaxxer.hikari.HikariDataSource       : HikariPool-16 - Starting...
2020-04-23 00:18:58.210  INFO 3316 --- [restartedMain] com.zaxxer.hikari.HikariDataSource       : HikariPool-16 - Start completed.
2020-04-23 00:18:58.212  INFO 3316 --- [restartedMain] org.hibernate.dialect.Dialect            : HHH000400: Using dialect: org.hibernate.dialect.MySQL55Dialect
2020-04-23 00:18:58.552  INFO 3316 --- [restartedMain] o.h.e.t.j.p.i.JtaPlatformInitiator       : HHH000490: Using JtaPlatform implementation: [org.hibernate.engine.transaction.jta.platform.internal.NoJtaPlatform]
2020-04-23 00:18:58.553  INFO 3316 --- [restartedMain] j.LocalContainerEntityManagerFactoryBean : Initialized JPA EntityManagerFactory for persistence unit 'default'
2020-04-23 00:18:58.635  INFO 3316 --- [restartedMain] o.s.b.d.a.OptionalLiveReloadServer       : LiveReload server is running on port 35729
2020-04-23 00:18:58.739  WARN 3316 --- [restartedMain] JpaBaseConfiguration$JpaWebConfiguration : spring.jpa.open-in-view is enabled by default. Therefore, database queries may be performed during view rendering. Explicitly configure spring.jpa.open-in-view to disable this warning
2020-04-23 00:18:59.494  INFO 3316 --- [restartedMain] o.s.s.web.DefaultSecurityFilterChain     : Creating filter chain: any request, [org.springframework.security.web.context.request.async.WebAsyncManagerIntegrationFilter@75936c13, org.springframework.security.web.context.SecurityContextPersistenceFilter@45e26680, org.springframework.security.web.header.HeaderWriterFilter@489f17a7, org.springframework.security.web.authentication.logout.LogoutFilter@90b30c1, org.springframework.security.web.authentication.www.BasicAuthenticationFilter@2d80e4d2, org.springframework.security.web.savedrequest.RequestCacheAwareFilter@36d8b12c, org.springframework.security.web.servletapi.SecurityContextHolderAwareRequestFilter@64aaa7f, org.springframework.security.web.authentication.AnonymousAuthenticationFilter@2fb8e2a7, org.springframework.security.web.session.SessionManagementFilter@75af4c23, org.springframework.security.web.access.ExceptionTranslationFilter@1afd3696, org.springframework.security.web.access.intercept.FilterSecurityInterceptor@4823ffa0]
2020-04-23 00:18:59.632  INFO 3316 --- [restartedMain] o.s.s.concurrent.ThreadPoolTaskExecutor  : Initializing ExecutorService 'applicationTaskExecutor'
2020-04-23 00:19:00.162  INFO 3316 --- [restartedMain] o.s.b.w.embedded.tomcat.TomcatWebServer  : Tomcat started on port(s): 8081 (http) with context path ''
2020-04-23 00:19:00.163  INFO 3316 --- [restartedMain] c.a.org.AchariapplicationApplication     : Started AchariapplicationApplication in 4.316 seconds (JVM running for 3845.415)
2020-04-23 00:19:00.177  INFO 3316 --- [restartedMain] .ConditionEvaluationDeltaLoggingListener : Condition evaluation unchanged
2020-04-23 00:43:16.722  INFO 3316 --- [Thread-125] o.s.s.concurrent.ThreadPoolTaskExecutor  : Shutting down ExecutorService 'applicationTaskExecutor'
2020-04-23 00:43:16.730  INFO 3316 --- [Thread-125] j.LocalContainerEntityManagerFactoryBean : Closing JPA EntityManagerFactory for persistence unit 'default'
2020-04-23 00:43:16.735  INFO 3316 --- [Thread-125] com.zaxxer.hikari.HikariDataSource       : HikariPool-16 - Shutdown initiated...
2020-04-23 00:43:16.768  INFO 3316 --- [Thread-125] com.zaxxer.hikari.HikariDataSource       : HikariPool-16 - Shutdown completed.
2020-04-23 00:43:18.151  INFO 3316 --- [restartedMain] c.a.org.AchariapplicationApplication     : Starting AchariapplicationApplication on Babu with PID 3316 (C:\Users\Gaju\Desktop\achariapplication\bin\main started by Gaju in C:\Users\Gaju\Desktop\achariapplication)
2020-04-23 00:43:18.152  INFO 3316 --- [restartedMain] c.a.org.AchariapplicationApplication     : No active profile set, falling back to default profiles: default
2020-04-23 00:43:19.065  INFO 3316 --- [restartedMain] .s.d.r.c.RepositoryConfigurationDelegate : Bootstrapping Spring Data repositories in DEFAULT mode.
2020-04-23 00:43:19.119  INFO 3316 --- [restartedMain] .s.d.r.c.RepositoryConfigurationDelegate : Finished Spring Data repository scanning in 53ms. Found 4 repository interfaces.
2020-04-23 00:43:19.502  INFO 3316 --- [restartedMain] trationDelegate$BeanPostProcessorChecker : Bean 'org.springframework.transaction.annotation.ProxyTransactionManagementConfiguration' of type [org.springframework.transaction.annotation.ProxyTransactionManagementConfiguration] is not eligible for getting processed by all BeanPostProcessors (for example: not eligible for auto-proxying)
2020-04-23 00:43:19.691  WARN 3316 --- [restartedMain] org.apache.tomcat.util.modeler.Registry  : The MBean registry cannot be disabled because it has already been initialised
2020-04-23 00:43:19.879  INFO 3316 --- [restartedMain] o.s.b.w.embedded.tomcat.TomcatWebServer  : Tomcat initialized with port(s): 8081 (http)
2020-04-23 00:43:19.880  INFO 3316 --- [restartedMain] o.apache.catalina.core.StandardService   : Starting service [Tomcat]
2020-04-23 00:43:19.885  INFO 3316 --- [restartedMain] org.apache.catalina.core.StandardEngine  : Starting Servlet engine: [Apache Tomcat/9.0.22]
2020-04-23 00:43:20.057  INFO 3316 --- [restartedMain] org.apache.jasper.servlet.TldScanner     : At least one JAR was scanned for TLDs yet contained no TLDs. Enable debug logging for this logger for a complete list of JARs that were scanned but no TLDs were found in them. Skipping unneeded JARs during scanning can improve startup time and JSP compilation time.
2020-04-23 00:43:20.059  INFO 3316 --- [restartedMain] o.a.c.c.C.[Tomcat-3].[localhost].[/]     : Initializing Spring embedded WebApplicationContext
2020-04-23 00:43:20.060  INFO 3316 --- [restartedMain] o.s.web.context.ContextLoader            : Root WebApplicationContext: initialization completed in 1897 ms
2020-04-23 00:43:20.261  INFO 3316 --- [restartedMain] o.hibernate.jpa.internal.util.LogHelper  : HHH000204: Processing PersistenceUnitInfo [name: default]
2020-04-23 00:43:20.277  INFO 3316 --- [restartedMain] com.zaxxer.hikari.HikariDataSource       : HikariPool-17 - Starting...
2020-04-23 00:43:20.325  INFO 3316 --- [restartedMain] com.zaxxer.hikari.HikariDataSource       : HikariPool-17 - Start completed.
2020-04-23 00:43:20.327  INFO 3316 --- [restartedMain] org.hibernate.dialect.Dialect            : HHH000400: Using dialect: org.hibernate.dialect.MySQL55Dialect
2020-04-23 00:43:20.538  INFO 3316 --- [restartedMain] o.h.e.t.j.p.i.JtaPlatformInitiator       : HHH000490: Using JtaPlatform implementation: [org.hibernate.engine.transaction.jta.platform.internal.NoJtaPlatform]
2020-04-23 00:43:20.538  INFO 3316 --- [restartedMain] j.LocalContainerEntityManagerFactoryBean : Initialized JPA EntityManagerFactory for persistence unit 'default'
2020-04-23 00:43:20.600  INFO 3316 --- [restartedMain] o.s.b.d.a.OptionalLiveReloadServer       : LiveReload server is running on port 35729
2020-04-23 00:43:20.721  WARN 3316 --- [restartedMain] JpaBaseConfiguration$JpaWebConfiguration : spring.jpa.open-in-view is enabled by default. Therefore, database queries may be performed during view rendering. Explicitly configure spring.jpa.open-in-view to disable this warning
2020-04-23 00:43:21.532  INFO 3316 --- [restartedMain] o.s.s.web.DefaultSecurityFilterChain     : Creating filter chain: any request, [org.springframework.security.web.context.request.async.WebAsyncManagerIntegrationFilter@696e5b63, org.springframework.security.web.context.SecurityContextPersistenceFilter@6fde220c, org.springframework.security.web.header.HeaderWriterFilter@77fc006b, org.springframework.security.web.csrf.CsrfFilter@2dd3240d, org.springframework.security.web.authentication.logout.LogoutFilter@7bd71b76, org.springframework.security.web.authentication.UsernamePasswordAuthenticationFilter@208adf49, org.springframework.security.web.authentication.ui.DefaultLoginPageGeneratingFilter@65078b98, org.springframework.security.web.authentication.ui.DefaultLogoutPageGeneratingFilter@3d219176, org.springframework.security.web.authentication.www.BasicAuthenticationFilter@39efc02, org.springframework.security.web.savedrequest.RequestCacheAwareFilter@6550e09e, org.springframework.security.web.servletapi.SecurityContextHolderAwareRequestFilter@72384b07, org.springframework.security.web.authentication.AnonymousAuthenticationFilter@4ba7710c, org.springframework.security.web.session.SessionManagementFilter@5b19862e, org.springframework.security.web.access.ExceptionTranslationFilter@40594bb2, org.springframework.security.web.access.intercept.FilterSecurityInterceptor@33fcfce4]
2020-04-23 00:43:21.737  INFO 3316 --- [restartedMain] o.s.s.concurrent.ThreadPoolTaskExecutor  : Initializing ExecutorService 'applicationTaskExecutor'
2020-04-23 00:43:22.250  INFO 3316 --- [restartedMain] o.s.b.w.embedded.tomcat.TomcatWebServer  : Tomcat started on port(s): 8081 (http) with context path ''
2020-04-23 00:43:22.252  INFO 3316 --- [restartedMain] c.a.org.AchariapplicationApplication     : Started AchariapplicationApplication in 4.199 seconds (JVM running for 5307.504)
2020-04-23 00:43:22.264  INFO 3316 --- [restartedMain] .ConditionEvaluationDeltaLoggingListener : Condition evaluation unchanged
2020-04-23 00:43:55.539  INFO 668 --- [restartedMain] c.a.org.AchariapplicationApplication     : Starting AchariapplicationApplication on Babu with PID 668 (C:\Users\Gaju\Desktop\achariapplication\bin\main started by Gaju in C:\Users\Gaju\Desktop\achariapplication)
2020-04-23 00:43:55.577  INFO 668 --- [restartedMain] c.a.org.AchariapplicationApplication     : No active profile set, falling back to default profiles: default
2020-04-23 00:43:55.872  INFO 668 --- [restartedMain] o.s.b.devtools.restart.ChangeableUrls    : The Class-Path manifest attribute in C:\Users\Gaju\.gradle\caches\modules-2\files-2.1\org.glassfish.jaxb\jaxb-runtime\2.3.2\5528bc882ea499a09d720b42af11785c4fc6be2a\jaxb-runtime-2.3.2.jar referenced one or more files that do not exist: file:/C:/Users/Gaju/.gradle/caches/modules-2/files-2.1/org.glassfish.jaxb/jaxb-runtime/2.3.2/5528bc882ea499a09d720b42af11785c4fc6be2a/jakarta.xml.bind-api-2.3.2.jar,file:/C:/Users/Gaju/.gradle/caches/modules-2/files-2.1/org.glassfish.jaxb/jaxb-runtime/2.3.2/5528bc882ea499a09d720b42af11785c4fc6be2a/txw2-2.3.2.jar,file:/C:/Users/Gaju/.gradle/caches/modules-2/files-2.1/org.glassfish.jaxb/jaxb-runtime/2.3.2/5528bc882ea499a09d720b42af11785c4fc6be2a/istack-commons-runtime-3.0.8.jar,file:/C:/Users/Gaju/.gradle/caches/modules-2/files-2.1/org.glassfish.jaxb/jaxb-runtime/2.3.2/5528bc882ea499a09d720b42af11785c4fc6be2a/stax-ex-1.8.1.jar,file:/C:/Users/Gaju/.gradle/caches/modules-2/files-2.1/org.glassfish.jaxb/jaxb-runtime/2.3.2/5528bc882ea499a09d720b42af11785c4fc6be2a/FastInfoset-1.2.16.jar,file:/C:/Users/Gaju/.gradle/caches/modules-2/files-2.1/org.glassfish.jaxb/jaxb-runtime/2.3.2/5528bc882ea499a09d720b42af11785c4fc6be2a/jakarta.activation-api-1.2.1.jar
2020-04-23 00:43:55.874  INFO 668 --- [restartedMain] .e.DevToolsPropertyDefaultsPostProcessor : Devtools property defaults active! Set 'spring.devtools.add-properties' to 'false' to disable
2020-04-23 00:43:55.875  INFO 668 --- [restartedMain] .e.DevToolsPropertyDefaultsPostProcessor : For additional web related logging consider setting the 'logging.level.web' property to 'DEBUG'
2020-04-23 00:43:58.737  INFO 668 --- [restartedMain] .s.d.r.c.RepositoryConfigurationDelegate : Bootstrapping Spring Data repositories in DEFAULT mode.
2020-04-23 00:43:59.054  INFO 668 --- [restartedMain] .s.d.r.c.RepositoryConfigurationDelegate : Finished Spring Data repository scanning in 287ms. Found 4 repository interfaces.
2020-04-23 00:44:00.460  INFO 668 --- [restartedMain] trationDelegate$BeanPostProcessorChecker : Bean 'org.springframework.transaction.annotation.ProxyTransactionManagementConfiguration' of type [org.springframework.transaction.annotation.ProxyTransactionManagementConfiguration] is not eligible for getting processed by all BeanPostProcessors (for example: not eligible for auto-proxying)
2020-04-23 00:44:02.150  INFO 668 --- [restartedMain] o.s.b.w.embedded.tomcat.TomcatWebServer  : Tomcat initialized with port(s): 8081 (http)
2020-04-23 00:44:02.204  INFO 668 --- [restartedMain] o.apache.catalina.core.StandardService   : Starting service [Tomcat]
2020-04-23 00:44:02.211  INFO 668 --- [restartedMain] org.apache.catalina.core.StandardEngine  : Starting Servlet engine: [Apache Tomcat/9.0.22]
2020-04-23 00:44:03.202  INFO 668 --- [restartedMain] org.apache.jasper.servlet.TldScanner     : At least one JAR was scanned for TLDs yet contained no TLDs. Enable debug logging for this logger for a complete list of JARs that were scanned but no TLDs were found in them. Skipping unneeded JARs during scanning can improve startup time and JSP compilation time.
2020-04-23 00:44:03.219  INFO 668 --- [restartedMain] o.a.c.c.C.[Tomcat].[localhost].[/]       : Initializing Spring embedded WebApplicationContext
2020-04-23 00:44:03.220  INFO 668 --- [restartedMain] o.s.web.context.ContextLoader            : Root WebApplicationContext: initialization completed in 7343 ms
2020-04-23 00:44:04.168  INFO 668 --- [restartedMain] o.hibernate.jpa.internal.util.LogHelper  : HHH000204: Processing PersistenceUnitInfo [name: default]
2020-04-23 00:44:04.776  INFO 668 --- [restartedMain] org.hibernate.Version                    : HHH000412: Hibernate Core {5.4.4.Final}
2020-04-23 00:44:05.726  INFO 668 --- [restartedMain] o.hibernate.annotations.common.Version   : HCANN000001: Hibernate Commons Annotations {5.1.0.Final}
2020-04-23 00:44:06.133  INFO 668 --- [restartedMain] com.zaxxer.hikari.HikariDataSource       : HikariPool-1 - Starting...
2020-04-23 00:44:08.510  INFO 668 --- [restartedMain] com.zaxxer.hikari.HikariDataSource       : HikariPool-1 - Start completed.
2020-04-23 00:44:08.581  INFO 668 --- [restartedMain] org.hibernate.dialect.Dialect            : HHH000400: Using dialect: org.hibernate.dialect.MySQL55Dialect
2020-04-23 00:44:11.742  INFO 668 --- [restartedMain] o.h.e.t.j.p.i.JtaPlatformInitiator       : HHH000490: Using JtaPlatform implementation: [org.hibernate.engine.transaction.jta.platform.internal.NoJtaPlatform]
2020-04-23 00:44:11.755  INFO 668 --- [restartedMain] j.LocalContainerEntityManagerFactoryBean : Initialized JPA EntityManagerFactory for persistence unit 'default'
2020-04-23 00:44:11.926  WARN 668 --- [restartedMain] o.s.b.d.a.OptionalLiveReloadServer       : Unable to start LiveReload server
2020-04-23 00:44:12.177  WARN 668 --- [restartedMain] JpaBaseConfiguration$JpaWebConfiguration : spring.jpa.open-in-view is enabled by default. Therefore, database queries may be performed during view rendering. Explicitly configure spring.jpa.open-in-view to disable this warning
2020-04-23 00:44:16.263  INFO 668 --- [restartedMain] o.s.s.web.DefaultSecurityFilterChain     : Creating filter chain: any request, [org.springframework.security.web.context.request.async.WebAsyncManagerIntegrationFilter@f53f8eb, org.springframework.security.web.context.SecurityContextPersistenceFilter@63b87e53, org.springframework.security.web.header.HeaderWriterFilter@b423efd, org.springframework.security.web.csrf.CsrfFilter@2c694f38, org.springframework.security.web.authentication.logout.LogoutFilter@41fd6f9f, org.springframework.security.web.authentication.UsernamePasswordAuthenticationFilter@1b9fd453, org.springframework.security.web.authentication.ui.DefaultLoginPageGeneratingFilter@7c42b631, org.springframework.security.web.authentication.ui.DefaultLogoutPageGeneratingFilter@79fd9201, org.springframework.security.web.authentication.www.BasicAuthenticationFilter@7b083ee4, org.springframework.security.web.savedrequest.RequestCacheAwareFilter@5530e793, org.springframework.security.web.servletapi.SecurityContextHolderAwareRequestFilter@72d2e4a9, org.springframework.security.web.authentication.AnonymousAuthenticationFilter@1ad75d9e, org.springframework.security.web.session.SessionManagementFilter@15d02e2e, org.springframework.security.web.access.ExceptionTranslationFilter@6b04c9df, org.springframework.security.web.access.intercept.FilterSecurityInterceptor@22a5b0cf]
2020-04-23 00:44:16.738  INFO 668 --- [restartedMain] o.s.s.concurrent.ThreadPoolTaskExecutor  : Initializing ExecutorService 'applicationTaskExecutor'
2020-04-23 00:44:18.703  INFO 668 --- [restartedMain] o.apache.catalina.core.StandardService   : Stopping service [Tomcat]
2020-04-23 00:44:18.739  INFO 668 --- [restartedMain] ConditionEvaluationReportLoggingListener : 

Error starting ApplicationContext. To display the conditions report re-run your application with 'debug' enabled.
2020-04-23 00:44:18.762 ERROR 668 --- [restartedMain] o.s.b.d.LoggingFailureAnalysisReporter   : 

***************************
APPLICATION FAILED TO START
***************************

Description:

Web server failed to start. Port 8081 was already in use.

Action:

Identify and stop the process that's listening on port 8081 or configure this application to listen on another port.

2020-04-23 00:44:18.772  INFO 668 --- [restartedMain] o.s.s.concurrent.ThreadPoolTaskExecutor  : Shutting down ExecutorService 'applicationTaskExecutor'
2020-04-23 00:44:18.782  INFO 668 --- [restartedMain] j.LocalContainerEntityManagerFactoryBean : Closing JPA EntityManagerFactory for persistence unit 'default'
2020-04-23 00:44:18.794  INFO 668 --- [restartedMain] com.zaxxer.hikari.HikariDataSource       : HikariPool-1 - Shutdown initiated...
2020-04-23 00:44:18.833  INFO 668 --- [restartedMain] com.zaxxer.hikari.HikariDataSource       : HikariPool-1 - Shutdown completed.
2020-04-23 00:49:09.123  INFO 3316 --- [http-nio-8081-exec-1] o.a.c.c.C.[Tomcat-3].[localhost].[/]     : Initializing Spring DispatcherServlet 'dispatcherServlet'
2020-04-23 00:49:09.125  INFO 3316 --- [http-nio-8081-exec-1] o.s.web.servlet.DispatcherServlet        : Initializing Servlet 'dispatcherServlet'
2020-04-23 00:49:09.236  INFO 3316 --- [http-nio-8081-exec-1] o.s.web.servlet.DispatcherServlet        : Completed initialization in 110 ms
